<?xml version="1.0" encoding="UTF-8" standalone="yes"?>
<!DOCTYPE report PUBLIC "-//JACOCO//DTD Report 1.1//EN" "report.dtd">
<report name="storage-datasvc">
  <package name="com/example/storage/data/object/client">
    <class name="com/example/storage/data/object/client/BlockWriter" sourcefilename="BlockWriter.java">
      <method name="&lt;init&gt;" desc="()V" line="25">
        <counter type="INSTRUCTION" missed="0" covered="8"/>
        <counter type="LINE" missed="0" covered="3"/>
      </method>
      <method name="write" desc="(Lcom/example/storage/data/object/client/WriteContext;)V" line="35">
        <counter type="INSTRUCTION" missed="2" covered="30"/>
        <counter type="BRANCH" missed="1" covered="5"/>
        <counter type="LINE" missed="1" covered="12"/>
      </method>
      <method name="flush" desc="(JJI)V" line="80">
        <counter type="INSTRUCTION" missed="45" covered="0"/>
        <counter type="BRANCH" missed="8" covered="0"/>
        <counter type="LINE" missed="18" covered="0"/>
      </method>
      <method name="seal" desc="()V" line="120">
        <counter type="INSTRUCTION" missed="20" covered="0"/>
        <counter type="BRANCH" missed="4" covered="0"/>
        <counter type="LINE" missed="8" covered="0"/>
      </method>
      <method name="handleRotation" desc="()Z" line="150">
        <counter type="INSTRUCTION" missed="35" covered="10"/>
        <counter type="BRANCH" missed="3" covered="2"/>
        <counter type="LINE" missed="10" covered="5"/>
      </method>
      <method name="getBlockId" desc="()J" line="180">
        <counter type="INSTRUCTION" missed="2" covered="0"/>
        <counter type="LINE" missed="1" covered="0"/>
      </method>
      <method name="toString" desc="()Ljava/lang/String;" line="185">
        <counter type="INSTRUCTION" missed="5" covered="0"/>
        <counter type="LINE" missed="2" covered="0"/>
      </method>
      <counter type="INSTRUCTION" missed="109" covered="48"/>
      <counter type="BRANCH" missed="16" covered="7"/>
      <counter type="LINE" missed="40" covered="20"/>
      <counter type="METHOD" missed="4" covered="3"/>
      <counter type="CLASS" missed="0" covered="1"/>
    </class>
  </package>
</report>
